<?xml version="1.0" encoding="UTF-8"?>
<!-- Generated by org.testng.reporters.JUnitXMLReporter -->
<testsuite hostname="fujiaxideMacBook-Pro.local" name="com.Pcitc.AppAutomationTest.pagesHelper.TestInit" tests="5" failures="4" timestamp="18 Feb 2017 10:47:01 GMT" time="63.276" errors="0">
  <testcase name="autoTest" time="0.009" classname="com.Pcitc.AppAutomationTest.pagesHelper.TestInit"/>
  <testcase name="rightLogin" time="0.024" classname="com.Pcitc.AppAutomationTest.testCases.DengLuTest">
    <failure type="java.lang.NullPointerException">
      <![CDATA[java.lang.NullPointerException
	at com.Pcitc.AppAutomationTest.utils.Action.sendKey(Action.java:278)
	at com.Pcitc.AppAutomationTest.testCases.DengLuTest.rightLogin(DengLuTest.java:48)
... Removed 24 stack frames]]>
    </failure>
  </testcase> <!-- rightLogin -->
  <testcase name="BiguserLogin" time="0.021" classname="com.Pcitc.AppAutomationTest.testCases.DengLuTest">
    <failure type="java.lang.NullPointerException">
      <![CDATA[java.lang.NullPointerException
	at com.Pcitc.AppAutomationTest.utils.Action.sendKey(Action.java:278)
	at com.Pcitc.AppAutomationTest.testCases.DengLuTest.BiguserLogin(DengLuTest.java:61)
... Removed 24 stack frames]]>
    </failure>
  </testcase> <!-- BiguserLogin -->
  <testcase name="wrongUserLogin" time="0.019" classname="com.Pcitc.AppAutomationTest.testCases.DengLuTest">
    <failure type="java.lang.NullPointerException">
      <![CDATA[java.lang.NullPointerException
	at com.Pcitc.AppAutomationTest.utils.Action.sendKey(Action.java:278)
	at com.Pcitc.AppAutomationTest.testCases.DengLuTest.wrongUserLogin(DengLuTest.java:75)
... Removed 24 stack frames]]>
    </failure>
  </testcase> <!-- wrongUserLogin -->
  <testcase name="wrongPasswordLogin" time="0.004" classname="com.Pcitc.AppAutomationTest.testCases.DengLuTest">
    <failure type="java.lang.NullPointerException">
      <![CDATA[java.lang.NullPointerException
	at com.Pcitc.AppAutomationTest.utils.Action.tap(Action.java:264)
	at com.Pcitc.AppAutomationTest.utils.Action.clearInputTextbox(Action.java:91)
	at com.Pcitc.AppAutomationTest.testCases.DengLuTest.wrongPasswordLogin(DengLuTest.java:90)
... Removed 24 stack frames]]>
    </failure>
  </testcase> <!-- wrongPasswordLogin -->
</testsuite> <!-- com.Pcitc.AppAutomationTest.pagesHelper.TestInit -->
