<?xml version="1.0" encoding="UTF-8" ?>
<testsuite tests="3" failures="0" name="TestSuite" time="215.543" errors="0" skipped="0">
  <properties>
[...]
</properties>
  <testcase classname="com.Pcitc.AppAutomationTest.pagesHelper.TestInit" name="autoTest" time="0.001"/>
  <testcase classname="com.Pcitc.AppAutomationTest.testCases.ESSP_ChaiLvShenQing_Test" name="ESSP_ChaiLvShenQing_ListPage" time="22.558"/>
  <testcase classname="com.Pcitc.AppAutomationTest.testCases.ESSP_ChaiLvShenQing_Test" name="ESSP_ChaiLvShenQing_Details" time="175.825"/>
</testsuite>