<?xml version="1.0" encoding="UTF-8"?>
<testng-results skipped="0" failed="0" total="1" passed="1">
  <reporter-output>
  </reporter-output>
  <suite name="Default suite" duration-ms="338" started-at="2017-02-21T15:02:32Z" finished-at="2017-02-21T15:02:33Z">
    <groups>
    </groups>
    <test name="Default test" duration-ms="338" started-at="2017-02-21T15:02:32Z" finished-at="2017-02-21T15:02:33Z">
      <class name="com.Pcitc.AppAutomationTest.utils.ExcelHandle">
        <test-method status="PASS" signature="testUpdateExcle()[pri:0, instance:com.Pcitc.AppAutomationTest.utils.ExcelHandle@1e397ed7]" name="testUpdateExcle" duration-ms="320" started-at="2017-02-21T23:02:32Z" description="测试更新数据" finished-at="2017-02-21T23:02:33Z">
          <reporter-output>
          </reporter-output>
        </test-method> <!-- testUpdateExcle -->
      </class> <!-- com.Pcitc.AppAutomationTest.utils.ExcelHandle -->
    </test> <!-- Default test -->
  </suite> <!-- Default suite -->
</testng-results>
