<?xml version="1.0" encoding="UTF-8"?>
<testsuite name="com.Pcitc.AppAutomationTest.pagesHelper.TestInit"
           tests="5"
           failures="0"
           errors="0"
           skipped="0"
           time="143.128">
  <properties />
  
  
            <testcase name="logIn_Biguser" time="23.946" classname="com.Pcitc.AppAutomationTest.testCases.DengLuTest" />
                <testcase name="noPassWordLogin" time="27.612" classname="com.Pcitc.AppAutomationTest.testCases.DengLuTest" />
                <testcase name="logIn_userNameNull" time="26.377" classname="com.Pcitc.AppAutomationTest.testCases.DengLuTest" />
                <testcase name="logIn_rightLogin" time="36.754" classname="com.Pcitc.AppAutomationTest.testCases.DengLuTest" />
                <testcase name="logIn_PassWordBig" time="28.439" classname="com.Pcitc.AppAutomationTest.testCases.DengLuTest" />
      
</testsuite>
