<?xml version="1.0" encoding="UTF-8"?>
<testsuite name="com.Pcitc.AppAutomationTest.pagesHelper.TestInit"
           tests="2"
           failures="0"
           errors="0"
           skipped="0"
           time="246.668">
  <properties />
  
  
            <testcase name="ESSP_ChaiLvShenQing_ListPage" time="34.929" classname="com.Pcitc.AppAutomationTest.testCases.ESSP_ChaiLvShenQing_Test" />
                <testcase name="ESSP_ChaiLvShenQing_Details" time="211.739" classname="com.Pcitc.AppAutomationTest.testCases.ESSP_ChaiLvShenQing_Test" />
      
</testsuite>
