<?xml version="1.0" encoding="UTF-8"?>
<testsuite name="com.Pcitc.AppAutomationTest.pagesHelper.TestInit"
           tests="2"
           failures="0"
           errors="0"
           skipped="1"
           time="76.570">
  <properties />
  
            <testcase name="CRM_KeHuGuanLiTest_Details" time="0.0" classname="com.Pcitc.AppAutomationTest.testCases.CRM_KeHuGuanLiTest">
          <skipped />
    </testcase>
  
            <testcase name="CRM_KeHuGuanLiTest_ListPage" time="47.494" classname="com.Pcitc.AppAutomationTest.testCases.CRM_KeHuGuanLiTest" />
      
</testsuite>
